<?xml version="1.0" encoding="UTF-8"?>
<testng-results ignored="0" total="55" passed="46" failed="9" skipped="0">
  <reporter-output>
  </reporter-output>
  <suite started-at="2023-06-12T13:14:40 IST" name="Suite" finished-at="2023-06-12T13:25:20 IST" duration-ms="639803">
    <groups>
    </groups>
    <test started-at="2023-06-12T13:14:40 IST" name="Test" finished-at="2023-06-12T13:25:20 IST" duration-ms="639803">
      <class name="test.Homepage_Test">
        <test-method is-config="true" signature="setup()[pri:0, instance:test.Homepage_Test@4a668b6e]" started-at="2023-06-12T13:14:40 IST" name="setup" finished-at="2023-06-12T13:15:10 IST" duration-ms="30243" status="PASS">
          <reporter-output>
          </reporter-output>
        </test-method> <!-- setup -->
        <test-method signature="site_url_verification()[pri:0, instance:test.Homepage_Test@4a668b6e]" started-at="2023-06-12T13:15:10 IST" name="site_url_verification" finished-at="2023-06-12T13:15:10 IST" duration-ms="45" status="PASS">
          <reporter-output>
          </reporter-output>
        </test-method> <!-- site_url_verification -->
        <test-method signature="logo_verification()[pri:1, instance:test.Homepage_Test@4a668b6e]" started-at="2023-06-12T13:15:10 IST" name="logo_verification" finished-at="2023-06-12T13:15:10 IST" duration-ms="80" status="PASS">
          <reporter-output>
          </reporter-output>
        </test-method> <!-- logo_verification -->
        <test-method signature="intership_drop_down_button()[pri:2, instance:test.Homepage_Test@4a668b6e]" started-at="2023-06-12T13:15:10 IST" name="intership_drop_down_button" finished-at="2023-06-12T13:15:17 IST" duration-ms="6663" status="PASS">
          <reporter-output>
          </reporter-output>
        </test-method> <!-- intership_drop_down_button -->
        <test-method signature="close_pop_up()[pri:3, instance:test.Homepage_Test@4a668b6e]" started-at="2023-06-12T13:15:17 IST" name="close_pop_up" finished-at="2023-06-12T13:15:24 IST" depends-on-methods="test.Homepage_Test.intership_drop_down_button" duration-ms="6792" status="PASS">
          <reporter-output>
          </reporter-output>
        </test-method> <!-- close_pop_up -->
        <test-method signature="course_drop_down()[pri:4, instance:test.Homepage_Test@4a668b6e]" started-at="2023-06-12T13:15:24 IST" name="course_drop_down" finished-at="2023-06-12T13:15:57 IST" duration-ms="33318" status="PASS">
          <reporter-output>
          </reporter-output>
        </test-method> <!-- course_drop_down -->
        <test-method signature="jobs_dropdown_button()[pri:5, instance:test.Homepage_Test@4a668b6e]" started-at="2023-06-12T13:15:57 IST" name="jobs_dropdown_button" finished-at="2023-06-12T13:16:07 IST" duration-ms="10155" status="PASS">
          <reporter-output>
          </reporter-output>
        </test-method> <!-- jobs_dropdown_button -->
        <test-method signature="login_button()[pri:6, instance:test.Homepage_Test@4a668b6e]" started-at="2023-06-12T13:16:07 IST" name="login_button" finished-at="2023-06-12T13:16:10 IST" duration-ms="2215" status="PASS">
          <reporter-output>
          </reporter-output>
        </test-method> <!-- login_button -->
        <test-method signature="login_pop_up()[pri:7, instance:test.Homepage_Test@4a668b6e]" started-at="2023-06-12T13:16:10 IST" name="login_pop_up" finished-at="2023-06-12T13:16:14 IST" depends-on-methods="test.Homepage_Test.login_button" duration-ms="4135" status="PASS">
          <reporter-output>
          </reporter-output>
        </test-method> <!-- login_pop_up -->
        <test-method signature="register()[pri:8, instance:test.Homepage_Test@4a668b6e]" started-at="2023-06-12T13:16:14 IST" name="register" finished-at="2023-06-12T13:16:14 IST" duration-ms="123" status="PASS">
          <reporter-output>
          </reporter-output>
        </test-method> <!-- register -->
        <test-method signature="search_bar_label()[pri:9, instance:test.Homepage_Test@4a668b6e]" started-at="2023-06-12T13:16:14 IST" name="search_bar_label" finished-at="2023-06-12T13:16:14 IST" duration-ms="149" status="PASS">
          <reporter-output>
          </reporter-output>
        </test-method> <!-- search_bar_label -->
        <test-method signature="search_bar_data_fill()[pri:10, instance:test.Homepage_Test@4a668b6e]" started-at="2023-06-12T13:16:14 IST" name="search_bar_data_fill" finished-at="2023-06-12T13:16:25 IST" depends-on-methods="test.Homepage_Test.search_bar_label" duration-ms="10621" status="PASS">
          <reporter-output>
          </reporter-output>
        </test-method> <!-- search_bar_data_fill -->
        <test-method signature="view_all_internships()[pri:11, instance:test.Homepage_Test@4a668b6e]" started-at="2023-06-12T13:16:25 IST" name="view_all_internships" finished-at="2023-06-12T13:16:45 IST" duration-ms="20124" status="FAIL">
          <exception class="org.openqa.selenium.ElementNotInteractableException">
            <message>
              <![CDATA[element not interactable
  (Session info: chrome=114.0.5735.110)
Build info: version: '4.8.0', revision: '267030adea'
System info: os.name: 'Windows 11', os.arch: 'amd64', os.version: '10.0', java.version: '17.0.7'
Driver info: org.openqa.selenium.chrome.ChromeDriver
Command: [f06fc1700e99335dedca7acda1405bc1, clickElement {id=ABEAE8082067771C533DE26777970D0E_element_158}]
Capabilities {acceptInsecureCerts: false, browserName: chrome, browserVersion: 114.0.5735.110, chrome: {chromedriverVersion: 114.0.5735.90 (386bc09e8f4f..., userDataDir: C:\Users\NOORNA~1\AppData\L...}, goog:chromeOptions: {debuggerAddress: localhost:49248}, networkConnectionEnabled: false, pageLoadStrategy: normal, platformName: WINDOWS, proxy: Proxy(), se:cdp: ws://localhost:49248/devtoo..., se:cdpVersion: 114.0.5735.110, setWindowRect: true, strictFileInteractability: false, timeouts: {implicit: 0, pageLoad: 300000, script: 30000}, unhandledPromptBehavior: dismiss and notify, webauthn:extension:credBlob: true, webauthn:extension:largeBlob: true, webauthn:extension:minPinLength: true, webauthn:extension:prf: true, webauthn:virtualAuthenticators: true}
Element: [[ChromeDriver: chrome on WINDOWS (f06fc1700e99335dedca7acda1405bc1)] -> xpath: //*[@id="internships"]/div/p/a]
Session ID: f06fc1700e99335dedca7acda1405bc1]]>
            </message>
            <full-stacktrace>
              <![CDATA[org.openqa.selenium.ElementNotInteractableException: element not interactable
  (Session info: chrome=114.0.5735.110)
Build info: version: '4.8.0', revision: '267030adea'
System info: os.name: 'Windows 11', os.arch: 'amd64', os.version: '10.0', java.version: '17.0.7'
Driver info: org.openqa.selenium.chrome.ChromeDriver
Command: [f06fc1700e99335dedca7acda1405bc1, clickElement {id=ABEAE8082067771C533DE26777970D0E_element_158}]
Capabilities {acceptInsecureCerts: false, browserName: chrome, browserVersion: 114.0.5735.110, chrome: {chromedriverVersion: 114.0.5735.90 (386bc09e8f4f..., userDataDir: C:\Users\NOORNA~1\AppData\L...}, goog:chromeOptions: {debuggerAddress: localhost:49248}, networkConnectionEnabled: false, pageLoadStrategy: normal, platformName: WINDOWS, proxy: Proxy(), se:cdp: ws://localhost:49248/devtoo..., se:cdpVersion: 114.0.5735.110, setWindowRect: true, strictFileInteractability: false, timeouts: {implicit: 0, pageLoad: 300000, script: 30000}, unhandledPromptBehavior: dismiss and notify, webauthn:extension:credBlob: true, webauthn:extension:largeBlob: true, webauthn:extension:minPinLength: true, webauthn:extension:prf: true, webauthn:virtualAuthenticators: true}
Element: [[ChromeDriver: chrome on WINDOWS (f06fc1700e99335dedca7acda1405bc1)] -> xpath: //*[@id="internships"]/div/p/a]
Session ID: f06fc1700e99335dedca7acda1405bc1
at java.base/jdk.internal.reflect.NativeConstructorAccessorImpl.newInstance0(Native Method)
at java.base/jdk.internal.reflect.NativeConstructorAccessorImpl.newInstance(NativeConstructorAccessorImpl.java:77)
at java.base/jdk.internal.reflect.DelegatingConstructorAccessorImpl.newInstance(DelegatingConstructorAccessorImpl.java:45)
at java.base/java.lang.reflect.Constructor.newInstanceWithCaller(Constructor.java:499)
at java.base/java.lang.reflect.Constructor.newInstance(Constructor.java:480)
at org.openqa.selenium.remote.codec.w3c.W3CHttpResponseCodec.createException(W3CHttpResponseCodec.java:200)
at org.openqa.selenium.remote.codec.w3c.W3CHttpResponseCodec.decode(W3CHttpResponseCodec.java:133)
at org.openqa.selenium.remote.codec.w3c.W3CHttpResponseCodec.decode(W3CHttpResponseCodec.java:53)
at org.openqa.selenium.remote.HttpCommandExecutor.execute(HttpCommandExecutor.java:184)
at org.openqa.selenium.remote.service.DriverCommandExecutor.invokeExecute(DriverCommandExecutor.java:167)
at org.openqa.selenium.remote.service.DriverCommandExecutor.execute(DriverCommandExecutor.java:142)
at org.openqa.selenium.remote.RemoteWebDriver.execute(RemoteWebDriver.java:543)
at org.openqa.selenium.remote.RemoteWebElement.execute(RemoteWebElement.java:257)
at org.openqa.selenium.remote.RemoteWebElement.click(RemoteWebElement.java:78)
at java.base/jdk.internal.reflect.NativeMethodAccessorImpl.invoke0(Native Method)
at java.base/jdk.internal.reflect.NativeMethodAccessorImpl.invoke(NativeMethodAccessorImpl.java:77)
at java.base/jdk.internal.reflect.DelegatingMethodAccessorImpl.invoke(DelegatingMethodAccessorImpl.java:43)
at java.base/java.lang.reflect.Method.invoke(Method.java:568)
at org.openqa.selenium.support.pagefactory.internal.LocatingElementHandler.invoke(LocatingElementHandler.java:52)
at jdk.proxy2/jdk.proxy2.$Proxy16.click(Unknown Source)
at test.Homepage_Test.view_all_internships(Homepage_Test.java:135)
at java.base/jdk.internal.reflect.NativeMethodAccessorImpl.invoke0(Native Method)
at java.base/jdk.internal.reflect.NativeMethodAccessorImpl.invoke(NativeMethodAccessorImpl.java:77)
at java.base/jdk.internal.reflect.DelegatingMethodAccessorImpl.invoke(DelegatingMethodAccessorImpl.java:43)
at java.base/java.lang.reflect.Method.invoke(Method.java:568)
at org.testng.internal.MethodInvocationHelper.invokeMethod(MethodInvocationHelper.java:133)
at org.testng.internal.TestInvoker.invokeMethod(TestInvoker.java:598)
at org.testng.internal.TestInvoker.invokeTestMethod(TestInvoker.java:173)
at org.testng.internal.MethodRunner.runInSequence(MethodRunner.java:46)
at org.testng.internal.TestInvoker$MethodInvocationAgent.invoke(TestInvoker.java:824)
at org.testng.internal.TestInvoker.invokeTestMethods(TestInvoker.java:146)
at org.testng.internal.TestMethodWorker.invokeTestMethods(TestMethodWorker.java:146)
at org.testng.internal.TestMethodWorker.run(TestMethodWorker.java:128)
at java.base/java.util.ArrayList.forEach(ArrayList.java:1511)
at org.testng.TestRunner.privateRun(TestRunner.java:794)
at org.testng.TestRunner.run(TestRunner.java:596)
at org.testng.SuiteRunner.runTest(SuiteRunner.java:377)
at org.testng.SuiteRunner.runSequentially(SuiteRunner.java:371)
at org.testng.SuiteRunner.privateRun(SuiteRunner.java:332)
at org.testng.SuiteRunner.run(SuiteRunner.java:276)
at org.testng.SuiteRunnerWorker.runSuite(SuiteRunnerWorker.java:53)
at org.testng.SuiteRunnerWorker.run(SuiteRunnerWorker.java:96)
at org.testng.TestNG.runSuitesSequentially(TestNG.java:1212)
at org.testng.TestNG.runSuitesLocally(TestNG.java:1134)
at org.testng.TestNG.runSuites(TestNG.java:1063)
at org.testng.TestNG.run(TestNG.java:1031)
at org.testng.remote.AbstractRemoteTestNG.run(AbstractRemoteTestNG.java:115)
at org.testng.remote.RemoteTestNG.initAndRun(RemoteTestNG.java:251)
at org.testng.remote.RemoteTestNG.main(RemoteTestNG.java:77)
]]>
            </full-stacktrace>
          </exception> <!-- org.openqa.selenium.ElementNotInteractableException -->
          <reporter-output>
          </reporter-output>
        </test-method> <!-- view_all_internships -->
        <test-method signature="popularcities_jobs()[pri:12, instance:test.Homepage_Test@4a668b6e]" started-at="2023-06-12T13:16:45 IST" name="popularcities_jobs" finished-at="2023-06-12T13:16:52 IST" duration-ms="6684" status="PASS">
          <reporter-output>
          </reporter-output>
        </test-method> <!-- popularcities_jobs -->
        <test-method signature="delhi_ncr_jobs()[pri:13, instance:test.Homepage_Test@4a668b6e]" started-at="2023-06-12T13:16:52 IST" name="delhi_ncr_jobs" finished-at="2023-06-12T13:17:01 IST" duration-ms="9458" status="PASS">
          <reporter-output>
          </reporter-output>
        </test-method> <!-- delhi_ncr_jobs -->
        <test-method signature="banglore_jobs()[pri:14, instance:test.Homepage_Test@4a668b6e]" started-at="2023-06-12T13:17:01 IST" name="banglore_jobs" finished-at="2023-06-12T13:17:09 IST" duration-ms="7315" status="PASS">
          <reporter-output>
          </reporter-output>
        </test-method> <!-- banglore_jobs -->
        <test-method signature="mumbai_jobs()[pri:15, instance:test.Homepage_Test@4a668b6e]" started-at="2023-06-12T13:17:09 IST" name="mumbai_jobs" finished-at="2023-06-12T13:17:21 IST" duration-ms="11871" status="PASS">
          <reporter-output>
          </reporter-output>
        </test-method> <!-- mumbai_jobs -->
        <test-method signature="hydrabad_jobs()[pri:16, instance:test.Homepage_Test@4a668b6e]" started-at="2023-06-12T13:17:21 IST" name="hydrabad_jobs" finished-at="2023-06-12T13:17:34 IST" duration-ms="13800" status="PASS">
          <reporter-output>
          </reporter-output>
        </test-method> <!-- hydrabad_jobs -->
        <test-method signature="chenni_jobs()[pri:17, instance:test.Homepage_Test@4a668b6e]" started-at="2023-06-12T13:17:34 IST" name="chenni_jobs" finished-at="2023-06-12T13:17:41 IST" duration-ms="6659" status="PASS">
          <reporter-output>
          </reporter-output>
        </test-method> <!-- chenni_jobs -->
        <test-method signature="kolkata_jobs()[pri:18, instance:test.Homepage_Test@4a668b6e]" started-at="2023-06-12T13:17:41 IST" name="kolkata_jobs" finished-at="2023-06-12T13:17:49 IST" duration-ms="8193" status="PASS">
          <reporter-output>
          </reporter-output>
        </test-method> <!-- kolkata_jobs -->
        <test-method signature="international_jobs()[pri:19, instance:test.Homepage_Test@4a668b6e]" started-at="2023-06-12T13:17:49 IST" name="international_jobs" finished-at="2023-06-12T13:17:55 IST" duration-ms="5917" status="PASS">
          <reporter-output>
          </reporter-output>
        </test-method> <!-- international_jobs -->
      </class> <!-- test.Homepage_Test -->
      <class name="test.Search_Bar_Test">
        <test-method is-config="true" signature="setup5()[pri:0, instance:test.Search_Bar_Test@61d6015a]" started-at="2023-06-12T13:23:30 IST" name="setup5" finished-at="2023-06-12T13:23:45 IST" duration-ms="15151" status="PASS">
          <reporter-output>
          </reporter-output>
        </test-method> <!-- setup5 -->
        <test-method signature="internship_search()[pri:1, instance:test.Search_Bar_Test@61d6015a]" started-at="2023-06-12T13:23:45 IST" name="internship_search" finished-at="2023-06-12T13:23:52 IST" duration-ms="6594" status="PASS">
          <reporter-output>
          </reporter-output>
        </test-method> <!-- internship_search -->
        <test-method signature="internship_city()[pri:2, instance:test.Search_Bar_Test@61d6015a]" started-at="2023-06-12T13:23:52 IST" name="internship_city" finished-at="2023-06-12T13:23:59 IST" duration-ms="7056" status="PASS">
          <reporter-output>
          </reporter-output>
        </test-method> <!-- internship_city -->
        <test-method signature="internship_categories()[pri:3, instance:test.Search_Bar_Test@61d6015a]" started-at="2023-06-12T13:23:59 IST" name="internship_categories" finished-at="2023-06-12T13:24:08 IST" duration-ms="9465" status="PASS">
          <reporter-output>
          </reporter-output>
        </test-method> <!-- internship_categories -->
        <test-method signature="Online_Traning_list_selection()[pri:4, instance:test.Search_Bar_Test@61d6015a]" started-at="2023-06-12T13:24:08 IST" name="Online_Traning_list_selection" finished-at="2023-06-12T13:24:39 IST" duration-ms="30660" status="PASS">
          <reporter-output>
          </reporter-output>
        </test-method> <!-- Online_Traning_list_selection -->
        <test-method signature="Data_Science()[pri:5, instance:test.Search_Bar_Test@61d6015a]" started-at="2023-06-12T13:24:39 IST" name="Data_Science" finished-at="2023-06-12T13:24:49 IST" duration-ms="9573" status="PASS">
          <reporter-output>
          </reporter-output>
        </test-method> <!-- Data_Science -->
        <test-method signature="Online_Popular_Traning_select_training_autocad()[pri:6, instance:test.Search_Bar_Test@61d6015a]" started-at="2023-06-12T13:24:49 IST" name="Online_Popular_Traning_select_training_autocad" finished-at="2023-06-12T13:24:55 IST" duration-ms="5986" status="PASS">
          <reporter-output>
          </reporter-output>
        </test-method> <!-- Online_Popular_Traning_select_training_autocad -->
        <test-method signature="Jobs_Drop_Down_List_Text_Search_Media()[pri:7, instance:test.Search_Bar_Test@61d6015a]" started-at="2023-06-12T13:24:55 IST" name="Jobs_Drop_Down_List_Text_Search_Media" finished-at="2023-06-12T13:25:05 IST" duration-ms="10631" status="PASS">
          <reporter-output>
          </reporter-output>
        </test-method> <!-- Jobs_Drop_Down_List_Text_Search_Media -->
        <test-method signature="Jobs_Drop_Down_List_Popular_Locations()[pri:8, instance:test.Search_Bar_Test@61d6015a]" started-at="2023-06-12T13:25:05 IST" name="Jobs_Drop_Down_List_Popular_Locations" finished-at="2023-06-12T13:25:12 IST" duration-ms="7222" status="PASS">
          <reporter-output>
          </reporter-output>
        </test-method> <!-- Jobs_Drop_Down_List_Popular_Locations -->
        <test-method signature="Jobs_Drop_Down_List_Popular_Categories()[pri:9, instance:test.Search_Bar_Test@61d6015a]" started-at="2023-06-12T13:25:12 IST" name="Jobs_Drop_Down_List_Popular_Categories" finished-at="2023-06-12T13:25:20 IST" duration-ms="7230" status="PASS">
          <reporter-output>
          </reporter-output>
        </test-method> <!-- Jobs_Drop_Down_List_Popular_Categories -->
      </class> <!-- test.Search_Bar_Test -->
      <class name="test.Search_Bar_UI_Test">
        <test-method is-config="true" signature="setup1()[pri:0, instance:test.Search_Bar_UI_Test@2e1d27ba]" started-at="2023-06-12T13:19:50 IST" name="setup1" finished-at="2023-06-12T13:20:30 IST" duration-ms="40049" status="PASS">
          <reporter-output>
          </reporter-output>
        </test-method> <!-- setup1 -->
        <test-method signature="Internship_Search_Page_Visibility()[pri:1, instance:test.Search_Bar_UI_Test@2e1d27ba]" started-at="2023-06-12T13:20:30 IST" name="Internship_Search_Page_Visibility" finished-at="2023-06-12T13:20:43 IST" duration-ms="13415" status="PASS">
          <reporter-output>
          </reporter-output>
        </test-method> <!-- Internship_Search_Page_Visibility -->
        <test-method signature="Internship_City_Visibility()[pri:2, instance:test.Search_Bar_UI_Test@2e1d27ba]" started-at="2023-06-12T13:20:43 IST" name="Internship_City_Visibility" finished-at="2023-06-12T13:20:55 IST" duration-ms="11818" status="PASS">
          <reporter-output>
          </reporter-output>
        </test-method> <!-- Internship_City_Visibility -->
        <test-method signature="Internship_Categories_Visibility()[pri:3, instance:test.Search_Bar_UI_Test@2e1d27ba]" started-at="2023-06-12T13:20:55 IST" name="Internship_Categories_Visibility" finished-at="2023-06-12T13:21:01 IST" duration-ms="5922" status="PASS">
          <reporter-output>
          </reporter-output>
        </test-method> <!-- Internship_Categories_Visibility -->
        <test-method signature="Online_Traning_list_selection_Visibility()[pri:4, instance:test.Search_Bar_UI_Test@2e1d27ba]" started-at="2023-06-12T13:21:01 IST" name="Online_Traning_list_selection_Visibility" finished-at="2023-06-12T13:21:48 IST" duration-ms="47093" status="PASS">
          <reporter-output>
          </reporter-output>
        </test-method> <!-- Online_Traning_list_selection_Visibility -->
        <test-method signature="Data_Science_Visibility()[pri:5, instance:test.Search_Bar_UI_Test@2e1d27ba]" started-at="2023-06-12T13:21:48 IST" name="Data_Science_Visibility" finished-at="2023-06-12T13:22:24 IST" duration-ms="35762" status="PASS">
          <reporter-output>
          </reporter-output>
        </test-method> <!-- Data_Science_Visibility -->
        <test-method signature="Online_Popular_Traning_select_training_autocad_Visibility()[pri:6, instance:test.Search_Bar_UI_Test@2e1d27ba]" started-at="2023-06-12T13:22:24 IST" name="Online_Popular_Traning_select_training_autocad_Visibility" finished-at="2023-06-12T13:22:52 IST" duration-ms="28226" status="PASS">
          <reporter-output>
          </reporter-output>
        </test-method> <!-- Online_Popular_Traning_select_training_autocad_Visibility -->
        <test-method signature="Jobs_Drop_Down_List_Text_Search_Media_Visibility()[pri:7, instance:test.Search_Bar_UI_Test@2e1d27ba]" started-at="2023-06-12T13:22:52 IST" name="Jobs_Drop_Down_List_Text_Search_Media_Visibility" finished-at="2023-06-12T13:23:15 IST" duration-ms="23177" status="PASS">
          <reporter-output>
          </reporter-output>
        </test-method> <!-- Jobs_Drop_Down_List_Text_Search_Media_Visibility -->
        <test-method signature="Jobs_Drop_Down_List_Popular_Locations_Visibility()[pri:8, instance:test.Search_Bar_UI_Test@2e1d27ba]" started-at="2023-06-12T13:23:15 IST" name="Jobs_Drop_Down_List_Popular_Locations_Visibility" finished-at="2023-06-12T13:23:27 IST" duration-ms="11576" status="PASS">
          <reporter-output>
          </reporter-output>
        </test-method> <!-- Jobs_Drop_Down_List_Popular_Locations_Visibility -->
        <test-method signature="Jobs_Drop_Down_List_Popular_Categories_Visibility()[pri:9, instance:test.Search_Bar_UI_Test@2e1d27ba]" started-at="2023-06-12T13:23:27 IST" name="Jobs_Drop_Down_List_Popular_Categories_Visibility" finished-at="2023-06-12T13:23:30 IST" duration-ms="3162" status="PASS">
          <reporter-output>
          </reporter-output>
        </test-method> <!-- Jobs_Drop_Down_List_Popular_Categories_Visibility -->
      </class> <!-- test.Search_Bar_UI_Test -->
      <class name="test.Login_UI_Tests">
        <test-method is-config="true" signature="setup1()[pri:0, instance:test.Login_UI_Tests@2cdd0d4b]" started-at="2023-06-12T13:17:55 IST" name="setup1" finished-at="2023-06-12T13:18:15 IST" duration-ms="19644" status="PASS">
          <reporter-output>
          </reporter-output>
        </test-method> <!-- setup1 -->
        <test-method signature="Email_Field()[pri:1, instance:test.Login_UI_Tests@2cdd0d4b]" started-at="2023-06-12T13:18:15 IST" name="Email_Field" finished-at="2023-06-12T13:18:17 IST" duration-ms="2241" status="PASS">
          <reporter-output>
          </reporter-output>
        </test-method> <!-- Email_Field -->
        <test-method signature="Password_Field()[pri:2, instance:test.Login_UI_Tests@2cdd0d4b]" started-at="2023-06-12T13:18:17 IST" name="Password_Field" finished-at="2023-06-12T13:18:17 IST" duration-ms="31" status="PASS">
          <reporter-output>
          </reporter-output>
        </test-method> <!-- Password_Field -->
        <test-method signature="Login_Button()[pri:3, instance:test.Login_UI_Tests@2cdd0d4b]" started-at="2023-06-12T13:18:17 IST" name="Login_Button" finished-at="2023-06-12T13:18:17 IST" duration-ms="35" status="PASS">
          <reporter-output>
          </reporter-output>
        </test-method> <!-- Login_Button -->
        <test-method signature="Invalid_Email_Msg()[pri:4, instance:test.Login_UI_Tests@2cdd0d4b]" started-at="2023-06-12T13:18:17 IST" name="Invalid_Email_Msg" finished-at="2023-06-12T13:18:17 IST" duration-ms="310" status="PASS">
          <reporter-output>
          </reporter-output>
        </test-method> <!-- Invalid_Email_Msg -->
        <test-method signature="Wrong_Email_Password_Warnning()[pri:5, instance:test.Login_UI_Tests@2cdd0d4b]" started-at="2023-06-12T13:18:17 IST" name="Wrong_Email_Password_Warnning" finished-at="2023-06-12T13:18:20 IST" duration-ms="2746" status="PASS">
          <reporter-output>
          </reporter-output>
        </test-method> <!-- Wrong_Email_Password_Warnning -->
        <test-method signature="Warning_Close_Button()[pri:6, instance:test.Login_UI_Tests@2cdd0d4b]" started-at="2023-06-12T13:18:20 IST" name="Warning_Close_Button" finished-at="2023-06-12T13:18:28 IST" duration-ms="7562" status="PASS">
          <reporter-output>
          </reporter-output>
        </test-method> <!-- Warning_Close_Button -->
        <test-method signature="Blank_Email_Error_Msg()[pri:7, instance:test.Login_UI_Tests@2cdd0d4b]" started-at="2023-06-12T13:18:28 IST" name="Blank_Email_Error_Msg" finished-at="2023-06-12T13:18:32 IST" duration-ms="3810" status="PASS">
          <reporter-output>
          </reporter-output>
        </test-method> <!-- Blank_Email_Error_Msg -->
        <test-method signature="Blank_Password_Error_Msg()[pri:8, instance:test.Login_UI_Tests@2cdd0d4b]" started-at="2023-06-12T13:18:32 IST" name="Blank_Password_Error_Msg" finished-at="2023-06-12T13:18:36 IST" duration-ms="4125" status="PASS">
          <reporter-output>
          </reporter-output>
        </test-method> <!-- Blank_Password_Error_Msg -->
      </class> <!-- test.Login_UI_Tests -->
      <class name="test.Login_Pop_Up_Test">
        <test-method is-config="true" signature="setup1()[pri:0, instance:test.Login_Pop_Up_Test@7e9131d5]" started-at="2023-06-12T13:18:36 IST" name="setup1" finished-at="2023-06-12T13:19:11 IST" duration-ms="35762" status="PASS">
          <reporter-output>
          </reporter-output>
        </test-method> <!-- setup1 -->
        <test-method signature="login_with_invalid_username()[pri:1, instance:test.Login_Pop_Up_Test@7e9131d5]" started-at="2023-06-12T13:19:11 IST" name="login_with_invalid_username" finished-at="2023-06-12T13:19:14 IST" duration-ms="2782" status="PASS">
          <reporter-output>
          </reporter-output>
        </test-method> <!-- login_with_invalid_username -->
        <test-method signature="login_with_uname_invalid_password()[pri:2, instance:test.Login_Pop_Up_Test@7e9131d5]" started-at="2023-06-12T13:19:14 IST" name="login_with_uname_invalid_password" finished-at="2023-06-12T13:19:23 IST" duration-ms="9151" status="FAIL">
          <exception class="java.lang.AssertionError">
            <message>
              <![CDATA[expected [true] but found [false]]]>
            </message>
            <full-stacktrace>
              <![CDATA[java.lang.AssertionError: expected [true] but found [false]
at org.testng.Assert.fail(Assert.java:99)
at org.testng.Assert.failNotEquals(Assert.java:1037)
at org.testng.Assert.assertEqualsImpl(Assert.java:140)
at org.testng.Assert.assertEquals(Assert.java:122)
at org.testng.Assert.assertEquals(Assert.java:819)
at org.testng.Assert.assertEquals(Assert.java:829)
at test.Login_Pop_Up_Test.login_with_uname_invalid_password(Login_Pop_Up_Test.java:61)
at java.base/jdk.internal.reflect.NativeMethodAccessorImpl.invoke0(Native Method)
at java.base/jdk.internal.reflect.NativeMethodAccessorImpl.invoke(NativeMethodAccessorImpl.java:77)
at java.base/jdk.internal.reflect.DelegatingMethodAccessorImpl.invoke(DelegatingMethodAccessorImpl.java:43)
at java.base/java.lang.reflect.Method.invoke(Method.java:568)
at org.testng.internal.MethodInvocationHelper.invokeMethod(MethodInvocationHelper.java:133)
at org.testng.internal.TestInvoker.invokeMethod(TestInvoker.java:598)
at org.testng.internal.TestInvoker.invokeTestMethod(TestInvoker.java:173)
at org.testng.internal.MethodRunner.runInSequence(MethodRunner.java:46)
at org.testng.internal.TestInvoker$MethodInvocationAgent.invoke(TestInvoker.java:824)
at org.testng.internal.TestInvoker.invokeTestMethods(TestInvoker.java:146)
at org.testng.internal.TestMethodWorker.invokeTestMethods(TestMethodWorker.java:146)
at org.testng.internal.TestMethodWorker.run(TestMethodWorker.java:128)
at java.base/java.util.ArrayList.forEach(ArrayList.java:1511)
at org.testng.TestRunner.privateRun(TestRunner.java:794)
at org.testng.TestRunner.run(TestRunner.java:596)
at org.testng.SuiteRunner.runTest(SuiteRunner.java:377)
at org.testng.SuiteRunner.runSequentially(SuiteRunner.java:371)
at org.testng.SuiteRunner.privateRun(SuiteRunner.java:332)
at org.testng.SuiteRunner.run(SuiteRunner.java:276)
at org.testng.SuiteRunnerWorker.runSuite(SuiteRunnerWorker.java:53)
at org.testng.SuiteRunnerWorker.run(SuiteRunnerWorker.java:96)
at org.testng.TestNG.runSuitesSequentially(TestNG.java:1212)
at org.testng.TestNG.runSuitesLocally(TestNG.java:1134)
at org.testng.TestNG.runSuites(TestNG.java:1063)
at org.testng.TestNG.run(TestNG.java:1031)
at org.testng.remote.AbstractRemoteTestNG.run(AbstractRemoteTestNG.java:115)
at org.testng.remote.RemoteTestNG.initAndRun(RemoteTestNG.java:251)
at org.testng.remote.RemoteTestNG.main(RemoteTestNG.java:77)
]]>
            </full-stacktrace>
          </exception> <!-- java.lang.AssertionError -->
          <reporter-output>
          </reporter-output>
        </test-method> <!-- login_with_uname_invalid_password -->
        <test-method signature="login_with_empty_credentials()[pri:3, instance:test.Login_Pop_Up_Test@7e9131d5]" started-at="2023-06-12T13:19:24 IST" name="login_with_empty_credentials" finished-at="2023-06-12T13:19:27 IST" duration-ms="3147" status="FAIL">
          <exception class="org.openqa.selenium.ElementClickInterceptedException">
            <message>
              <![CDATA[element click intercepted: Element <button type="button" class="btn btn-secondary home_page_login_button" data-toggle="modal" data-target="#login-modal">...</button> is not clickable at point (1035, 36). Other element would receive the click: <div id="error_modal" class="modal fade in internshala-modal show" style="display: block;" aria-modal="true">...</div>
  (Session info: chrome=114.0.5735.110)
Build info: version: '4.8.0', revision: '267030adea'
System info: os.name: 'Windows 11', os.arch: 'amd64', os.version: '10.0', java.version: '17.0.7'
Driver info: org.openqa.selenium.chrome.ChromeDriver
Command: [d6f625d8ed447ce0b3865c406350be4e, clickElement {id=3B2D749D97098B1441CBCA6CD3BB5B70_element_79}]
Capabilities {acceptInsecureCerts: false, browserName: chrome, browserVersion: 114.0.5735.110, chrome: {chromedriverVersion: 114.0.5735.90 (386bc09e8f4f..., userDataDir: C:\Users\NOORNA~1\AppData\L...}, goog:chromeOptions: {debuggerAddress: localhost:49754}, networkConnectionEnabled: false, pageLoadStrategy: normal, platformName: WINDOWS, proxy: Proxy(), se:cdp: ws://localhost:49754/devtoo..., se:cdpVersion: 114.0.5735.110, setWindowRect: true, strictFileInteractability: false, timeouts: {implicit: 0, pageLoad: 300000, script: 30000}, unhandledPromptBehavior: dismiss and notify, webauthn:extension:credBlob: true, webauthn:extension:largeBlob: true, webauthn:extension:minPinLength: true, webauthn:extension:prf: true, webauthn:virtualAuthenticators: true}
Element: [[ChromeDriver: chrome on WINDOWS (d6f625d8ed447ce0b3865c406350be4e)] -> xpath: //button[@class='btn btn-secondary home_page_login_button']]
Session ID: d6f625d8ed447ce0b3865c406350be4e]]>
            </message>
            <full-stacktrace>
              <![CDATA[org.openqa.selenium.ElementClickInterceptedException: element click intercepted: Element <button type="button" class="btn btn-secondary home_page_login_button" data-toggle="modal" data-target="#login-modal">...</button> is not clickable at point (1035, 36). Other element would receive the click: <div id="error_modal" class="modal fade in internshala-modal show" style="display: block;" aria-modal="true">...</div>
  (Session info: chrome=114.0.5735.110)
Build info: version: '4.8.0', revision: '267030adea'
System info: os.name: 'Windows 11', os.arch: 'amd64', os.version: '10.0', java.version: '17.0.7'
Driver info: org.openqa.selenium.chrome.ChromeDriver
Command: [d6f625d8ed447ce0b3865c406350be4e, clickElement {id=3B2D749D97098B1441CBCA6CD3BB5B70_element_79}]
Capabilities {acceptInsecureCerts: false, browserName: chrome, browserVersion: 114.0.5735.110, chrome: {chromedriverVersion: 114.0.5735.90 (386bc09e8f4f..., userDataDir: C:\Users\NOORNA~1\AppData\L...}, goog:chromeOptions: {debuggerAddress: localhost:49754}, networkConnectionEnabled: false, pageLoadStrategy: normal, platformName: WINDOWS, proxy: Proxy(), se:cdp: ws://localhost:49754/devtoo..., se:cdpVersion: 114.0.5735.110, setWindowRect: true, strictFileInteractability: false, timeouts: {implicit: 0, pageLoad: 300000, script: 30000}, unhandledPromptBehavior: dismiss and notify, webauthn:extension:credBlob: true, webauthn:extension:largeBlob: true, webauthn:extension:minPinLength: true, webauthn:extension:prf: true, webauthn:virtualAuthenticators: true}
Element: [[ChromeDriver: chrome on WINDOWS (d6f625d8ed447ce0b3865c406350be4e)] -> xpath: //button[@class='btn btn-secondary home_page_login_button']]
Session ID: d6f625d8ed447ce0b3865c406350be4e
at java.base/jdk.internal.reflect.NativeConstructorAccessorImpl.newInstance0(Native Method)
at java.base/jdk.internal.reflect.NativeConstructorAccessorImpl.newInstance(NativeConstructorAccessorImpl.java:77)
at java.base/jdk.internal.reflect.DelegatingConstructorAccessorImpl.newInstance(DelegatingConstructorAccessorImpl.java:45)
at java.base/java.lang.reflect.Constructor.newInstanceWithCaller(Constructor.java:499)
at java.base/java.lang.reflect.Constructor.newInstance(Constructor.java:480)
at org.openqa.selenium.remote.codec.w3c.W3CHttpResponseCodec.createException(W3CHttpResponseCodec.java:200)
at org.openqa.selenium.remote.codec.w3c.W3CHttpResponseCodec.decode(W3CHttpResponseCodec.java:133)
at org.openqa.selenium.remote.codec.w3c.W3CHttpResponseCodec.decode(W3CHttpResponseCodec.java:53)
at org.openqa.selenium.remote.HttpCommandExecutor.execute(HttpCommandExecutor.java:184)
at org.openqa.selenium.remote.service.DriverCommandExecutor.invokeExecute(DriverCommandExecutor.java:167)
at org.openqa.selenium.remote.service.DriverCommandExecutor.execute(DriverCommandExecutor.java:142)
at org.openqa.selenium.remote.RemoteWebDriver.execute(RemoteWebDriver.java:543)
at org.openqa.selenium.remote.RemoteWebElement.execute(RemoteWebElement.java:257)
at org.openqa.selenium.remote.RemoteWebElement.click(RemoteWebElement.java:78)
at jdk.internal.reflect.GeneratedMethodAccessor1.invoke(Unknown Source)
at java.base/jdk.internal.reflect.DelegatingMethodAccessorImpl.invoke(DelegatingMethodAccessorImpl.java:43)
at java.base/java.lang.reflect.Method.invoke(Method.java:568)
at org.openqa.selenium.support.pagefactory.internal.LocatingElementHandler.invoke(LocatingElementHandler.java:52)
at jdk.proxy2/jdk.proxy2.$Proxy16.click(Unknown Source)
at test.Homepage_Test.login_button(Homepage_Test.java:93)
at test.Login_Pop_Up_Test.login_with_empty_credentials(Login_Pop_Up_Test.java:68)
at java.base/jdk.internal.reflect.NativeMethodAccessorImpl.invoke0(Native Method)
at java.base/jdk.internal.reflect.NativeMethodAccessorImpl.invoke(NativeMethodAccessorImpl.java:77)
at java.base/jdk.internal.reflect.DelegatingMethodAccessorImpl.invoke(DelegatingMethodAccessorImpl.java:43)
at java.base/java.lang.reflect.Method.invoke(Method.java:568)
at org.testng.internal.MethodInvocationHelper.invokeMethod(MethodInvocationHelper.java:133)
at org.testng.internal.TestInvoker.invokeMethod(TestInvoker.java:598)
at org.testng.internal.TestInvoker.invokeTestMethod(TestInvoker.java:173)
at org.testng.internal.MethodRunner.runInSequence(MethodRunner.java:46)
at org.testng.internal.TestInvoker$MethodInvocationAgent.invoke(TestInvoker.java:824)
at org.testng.internal.TestInvoker.invokeTestMethods(TestInvoker.java:146)
at org.testng.internal.TestMethodWorker.invokeTestMethods(TestMethodWorker.java:146)
at org.testng.internal.TestMethodWorker.run(TestMethodWorker.java:128)
at java.base/java.util.ArrayList.forEach(ArrayList.java:1511)
at org.testng.TestRunner.privateRun(TestRunner.java:794)
at org.testng.TestRunner.run(TestRunner.java:596)
at org.testng.SuiteRunner.runTest(SuiteRunner.java:377)
at org.testng.SuiteRunner.runSequentially(SuiteRunner.java:371)
at org.testng.SuiteRunner.privateRun(SuiteRunner.java:332)
at org.testng.SuiteRunner.run(SuiteRunner.java:276)
at org.testng.SuiteRunnerWorker.runSuite(SuiteRunnerWorker.java:53)
at org.testng.SuiteRunnerWorker.run(SuiteRunnerWorker.java:96)
at org.testng.TestNG.runSuitesSequentially(TestNG.java:1212)
at org.testng.TestNG.runSuitesLocally(TestNG.java:1134)
at org.testng.TestNG.runSuites(TestNG.java:1063)
at org.testng.TestNG.run(TestNG.java:1031)
at org.testng.remote.AbstractRemoteTestNG.run(AbstractRemoteTestNG.java:115)
at org.testng.remote.RemoteTestNG.initAndRun(RemoteTestNG.java:251)
at org.testng.remote.RemoteTestNG.main(RemoteTestNG.java:77)
]]>
            </full-stacktrace>
          </exception> <!-- org.openqa.selenium.ElementClickInterceptedException -->
          <reporter-output>
          </reporter-output>
        </test-method> <!-- login_with_empty_credentials -->
        <test-method signature="login_with_invalid_uname_and_password()[pri:4, instance:test.Login_Pop_Up_Test@7e9131d5]" started-at="2023-06-12T13:19:28 IST" name="login_with_invalid_uname_and_password" finished-at="2023-06-12T13:19:31 IST" duration-ms="3068" status="FAIL">
          <exception class="org.openqa.selenium.ElementClickInterceptedException">
            <message>
              <![CDATA[element click intercepted: Element <button type="button" class="btn btn-secondary home_page_login_button" data-toggle="modal" data-target="#login-modal">...</button> is not clickable at point (1035, 36). Other element would receive the click: <div id="error_modal" class="modal fade in internshala-modal show" style="display: block;" aria-modal="true">...</div>
  (Session info: chrome=114.0.5735.110)
Build info: version: '4.8.0', revision: '267030adea'
System info: os.name: 'Windows 11', os.arch: 'amd64', os.version: '10.0', java.version: '17.0.7'
Driver info: org.openqa.selenium.chrome.ChromeDriver
Command: [d6f625d8ed447ce0b3865c406350be4e, clickElement {id=3B2D749D97098B1441CBCA6CD3BB5B70_element_79}]
Capabilities {acceptInsecureCerts: false, browserName: chrome, browserVersion: 114.0.5735.110, chrome: {chromedriverVersion: 114.0.5735.90 (386bc09e8f4f..., userDataDir: C:\Users\NOORNA~1\AppData\L...}, goog:chromeOptions: {debuggerAddress: localhost:49754}, networkConnectionEnabled: false, pageLoadStrategy: normal, platformName: WINDOWS, proxy: Proxy(), se:cdp: ws://localhost:49754/devtoo..., se:cdpVersion: 114.0.5735.110, setWindowRect: true, strictFileInteractability: false, timeouts: {implicit: 0, pageLoad: 300000, script: 30000}, unhandledPromptBehavior: dismiss and notify, webauthn:extension:credBlob: true, webauthn:extension:largeBlob: true, webauthn:extension:minPinLength: true, webauthn:extension:prf: true, webauthn:virtualAuthenticators: true}
Element: [[ChromeDriver: chrome on WINDOWS (d6f625d8ed447ce0b3865c406350be4e)] -> xpath: //button[@class='btn btn-secondary home_page_login_button']]
Session ID: d6f625d8ed447ce0b3865c406350be4e]]>
            </message>
            <full-stacktrace>
              <![CDATA[org.openqa.selenium.ElementClickInterceptedException: element click intercepted: Element <button type="button" class="btn btn-secondary home_page_login_button" data-toggle="modal" data-target="#login-modal">...</button> is not clickable at point (1035, 36). Other element would receive the click: <div id="error_modal" class="modal fade in internshala-modal show" style="display: block;" aria-modal="true">...</div>
  (Session info: chrome=114.0.5735.110)
Build info: version: '4.8.0', revision: '267030adea'
System info: os.name: 'Windows 11', os.arch: 'amd64', os.version: '10.0', java.version: '17.0.7'
Driver info: org.openqa.selenium.chrome.ChromeDriver
Command: [d6f625d8ed447ce0b3865c406350be4e, clickElement {id=3B2D749D97098B1441CBCA6CD3BB5B70_element_79}]
Capabilities {acceptInsecureCerts: false, browserName: chrome, browserVersion: 114.0.5735.110, chrome: {chromedriverVersion: 114.0.5735.90 (386bc09e8f4f..., userDataDir: C:\Users\NOORNA~1\AppData\L...}, goog:chromeOptions: {debuggerAddress: localhost:49754}, networkConnectionEnabled: false, pageLoadStrategy: normal, platformName: WINDOWS, proxy: Proxy(), se:cdp: ws://localhost:49754/devtoo..., se:cdpVersion: 114.0.5735.110, setWindowRect: true, strictFileInteractability: false, timeouts: {implicit: 0, pageLoad: 300000, script: 30000}, unhandledPromptBehavior: dismiss and notify, webauthn:extension:credBlob: true, webauthn:extension:largeBlob: true, webauthn:extension:minPinLength: true, webauthn:extension:prf: true, webauthn:virtualAuthenticators: true}
Element: [[ChromeDriver: chrome on WINDOWS (d6f625d8ed447ce0b3865c406350be4e)] -> xpath: //button[@class='btn btn-secondary home_page_login_button']]
Session ID: d6f625d8ed447ce0b3865c406350be4e
at java.base/jdk.internal.reflect.NativeConstructorAccessorImpl.newInstance0(Native Method)
at java.base/jdk.internal.reflect.NativeConstructorAccessorImpl.newInstance(NativeConstructorAccessorImpl.java:77)
at java.base/jdk.internal.reflect.DelegatingConstructorAccessorImpl.newInstance(DelegatingConstructorAccessorImpl.java:45)
at java.base/java.lang.reflect.Constructor.newInstanceWithCaller(Constructor.java:499)
at java.base/java.lang.reflect.Constructor.newInstance(Constructor.java:480)
at org.openqa.selenium.remote.codec.w3c.W3CHttpResponseCodec.createException(W3CHttpResponseCodec.java:200)
at org.openqa.selenium.remote.codec.w3c.W3CHttpResponseCodec.decode(W3CHttpResponseCodec.java:133)
at org.openqa.selenium.remote.codec.w3c.W3CHttpResponseCodec.decode(W3CHttpResponseCodec.java:53)
at org.openqa.selenium.remote.HttpCommandExecutor.execute(HttpCommandExecutor.java:184)
at org.openqa.selenium.remote.service.DriverCommandExecutor.invokeExecute(DriverCommandExecutor.java:167)
at org.openqa.selenium.remote.service.DriverCommandExecutor.execute(DriverCommandExecutor.java:142)
at org.openqa.selenium.remote.RemoteWebDriver.execute(RemoteWebDriver.java:543)
at org.openqa.selenium.remote.RemoteWebElement.execute(RemoteWebElement.java:257)
at org.openqa.selenium.remote.RemoteWebElement.click(RemoteWebElement.java:78)
at jdk.internal.reflect.GeneratedMethodAccessor1.invoke(Unknown Source)
at java.base/jdk.internal.reflect.DelegatingMethodAccessorImpl.invoke(DelegatingMethodAccessorImpl.java:43)
at java.base/java.lang.reflect.Method.invoke(Method.java:568)
at org.openqa.selenium.support.pagefactory.internal.LocatingElementHandler.invoke(LocatingElementHandler.java:52)
at jdk.proxy2/jdk.proxy2.$Proxy16.click(Unknown Source)
at test.Homepage_Test.login_button(Homepage_Test.java:93)
at test.Login_Pop_Up_Test.login_with_invalid_uname_and_password(Login_Pop_Up_Test.java:82)
at java.base/jdk.internal.reflect.NativeMethodAccessorImpl.invoke0(Native Method)
at java.base/jdk.internal.reflect.NativeMethodAccessorImpl.invoke(NativeMethodAccessorImpl.java:77)
at java.base/jdk.internal.reflect.DelegatingMethodAccessorImpl.invoke(DelegatingMethodAccessorImpl.java:43)
at java.base/java.lang.reflect.Method.invoke(Method.java:568)
at org.testng.internal.MethodInvocationHelper.invokeMethod(MethodInvocationHelper.java:133)
at org.testng.internal.TestInvoker.invokeMethod(TestInvoker.java:598)
at org.testng.internal.TestInvoker.invokeTestMethod(TestInvoker.java:173)
at org.testng.internal.MethodRunner.runInSequence(MethodRunner.java:46)
at org.testng.internal.TestInvoker$MethodInvocationAgent.invoke(TestInvoker.java:824)
at org.testng.internal.TestInvoker.invokeTestMethods(TestInvoker.java:146)
at org.testng.internal.TestMethodWorker.invokeTestMethods(TestMethodWorker.java:146)
at org.testng.internal.TestMethodWorker.run(TestMethodWorker.java:128)
at java.base/java.util.ArrayList.forEach(ArrayList.java:1511)
at org.testng.TestRunner.privateRun(TestRunner.java:794)
at org.testng.TestRunner.run(TestRunner.java:596)
at org.testng.SuiteRunner.runTest(SuiteRunner.java:377)
at org.testng.SuiteRunner.runSequentially(SuiteRunner.java:371)
at org.testng.SuiteRunner.privateRun(SuiteRunner.java:332)
at org.testng.SuiteRunner.run(SuiteRunner.java:276)
at org.testng.SuiteRunnerWorker.runSuite(SuiteRunnerWorker.java:53)
at org.testng.SuiteRunnerWorker.run(SuiteRunnerWorker.java:96)
at org.testng.TestNG.runSuitesSequentially(TestNG.java:1212)
at org.testng.TestNG.runSuitesLocally(TestNG.java:1134)
at org.testng.TestNG.runSuites(TestNG.java:1063)
at org.testng.TestNG.run(TestNG.java:1031)
at org.testng.remote.AbstractRemoteTestNG.run(AbstractRemoteTestNG.java:115)
at org.testng.remote.RemoteTestNG.initAndRun(RemoteTestNG.java:251)
at org.testng.remote.RemoteTestNG.main(RemoteTestNG.java:77)
]]>
            </full-stacktrace>
          </exception> <!-- org.openqa.selenium.ElementClickInterceptedException -->
          <reporter-output>
          </reporter-output>
        </test-method> <!-- login_with_invalid_uname_and_password -->
        <test-method signature="login_with_valid_uname_with_blank_password()[pri:5, instance:test.Login_Pop_Up_Test@7e9131d5]" started-at="2023-06-12T13:19:32 IST" name="login_with_valid_uname_with_blank_password" finished-at="2023-06-12T13:19:35 IST" duration-ms="3076" status="FAIL">
          <exception class="org.openqa.selenium.ElementClickInterceptedException">
            <message>
              <![CDATA[element click intercepted: Element <button type="button" class="btn btn-secondary home_page_login_button" data-toggle="modal" data-target="#login-modal">...</button> is not clickable at point (1035, 36). Other element would receive the click: <div id="error_modal" class="modal fade in internshala-modal show" style="display: block;" aria-modal="true">...</div>
  (Session info: chrome=114.0.5735.110)
Build info: version: '4.8.0', revision: '267030adea'
System info: os.name: 'Windows 11', os.arch: 'amd64', os.version: '10.0', java.version: '17.0.7'
Driver info: org.openqa.selenium.chrome.ChromeDriver
Command: [d6f625d8ed447ce0b3865c406350be4e, clickElement {id=3B2D749D97098B1441CBCA6CD3BB5B70_element_79}]
Capabilities {acceptInsecureCerts: false, browserName: chrome, browserVersion: 114.0.5735.110, chrome: {chromedriverVersion: 114.0.5735.90 (386bc09e8f4f..., userDataDir: C:\Users\NOORNA~1\AppData\L...}, goog:chromeOptions: {debuggerAddress: localhost:49754}, networkConnectionEnabled: false, pageLoadStrategy: normal, platformName: WINDOWS, proxy: Proxy(), se:cdp: ws://localhost:49754/devtoo..., se:cdpVersion: 114.0.5735.110, setWindowRect: true, strictFileInteractability: false, timeouts: {implicit: 0, pageLoad: 300000, script: 30000}, unhandledPromptBehavior: dismiss and notify, webauthn:extension:credBlob: true, webauthn:extension:largeBlob: true, webauthn:extension:minPinLength: true, webauthn:extension:prf: true, webauthn:virtualAuthenticators: true}
Element: [[ChromeDriver: chrome on WINDOWS (d6f625d8ed447ce0b3865c406350be4e)] -> xpath: //button[@class='btn btn-secondary home_page_login_button']]
Session ID: d6f625d8ed447ce0b3865c406350be4e]]>
            </message>
            <full-stacktrace>
              <![CDATA[org.openqa.selenium.ElementClickInterceptedException: element click intercepted: Element <button type="button" class="btn btn-secondary home_page_login_button" data-toggle="modal" data-target="#login-modal">...</button> is not clickable at point (1035, 36). Other element would receive the click: <div id="error_modal" class="modal fade in internshala-modal show" style="display: block;" aria-modal="true">...</div>
  (Session info: chrome=114.0.5735.110)
Build info: version: '4.8.0', revision: '267030adea'
System info: os.name: 'Windows 11', os.arch: 'amd64', os.version: '10.0', java.version: '17.0.7'
Driver info: org.openqa.selenium.chrome.ChromeDriver
Command: [d6f625d8ed447ce0b3865c406350be4e, clickElement {id=3B2D749D97098B1441CBCA6CD3BB5B70_element_79}]
Capabilities {acceptInsecureCerts: false, browserName: chrome, browserVersion: 114.0.5735.110, chrome: {chromedriverVersion: 114.0.5735.90 (386bc09e8f4f..., userDataDir: C:\Users\NOORNA~1\AppData\L...}, goog:chromeOptions: {debuggerAddress: localhost:49754}, networkConnectionEnabled: false, pageLoadStrategy: normal, platformName: WINDOWS, proxy: Proxy(), se:cdp: ws://localhost:49754/devtoo..., se:cdpVersion: 114.0.5735.110, setWindowRect: true, strictFileInteractability: false, timeouts: {implicit: 0, pageLoad: 300000, script: 30000}, unhandledPromptBehavior: dismiss and notify, webauthn:extension:credBlob: true, webauthn:extension:largeBlob: true, webauthn:extension:minPinLength: true, webauthn:extension:prf: true, webauthn:virtualAuthenticators: true}
Element: [[ChromeDriver: chrome on WINDOWS (d6f625d8ed447ce0b3865c406350be4e)] -> xpath: //button[@class='btn btn-secondary home_page_login_button']]
Session ID: d6f625d8ed447ce0b3865c406350be4e
at java.base/jdk.internal.reflect.NativeConstructorAccessorImpl.newInstance0(Native Method)
at java.base/jdk.internal.reflect.NativeConstructorAccessorImpl.newInstance(NativeConstructorAccessorImpl.java:77)
at java.base/jdk.internal.reflect.DelegatingConstructorAccessorImpl.newInstance(DelegatingConstructorAccessorImpl.java:45)
at java.base/java.lang.reflect.Constructor.newInstanceWithCaller(Constructor.java:499)
at java.base/java.lang.reflect.Constructor.newInstance(Constructor.java:480)
at org.openqa.selenium.remote.codec.w3c.W3CHttpResponseCodec.createException(W3CHttpResponseCodec.java:200)
at org.openqa.selenium.remote.codec.w3c.W3CHttpResponseCodec.decode(W3CHttpResponseCodec.java:133)
at org.openqa.selenium.remote.codec.w3c.W3CHttpResponseCodec.decode(W3CHttpResponseCodec.java:53)
at org.openqa.selenium.remote.HttpCommandExecutor.execute(HttpCommandExecutor.java:184)
at org.openqa.selenium.remote.service.DriverCommandExecutor.invokeExecute(DriverCommandExecutor.java:167)
at org.openqa.selenium.remote.service.DriverCommandExecutor.execute(DriverCommandExecutor.java:142)
at org.openqa.selenium.remote.RemoteWebDriver.execute(RemoteWebDriver.java:543)
at org.openqa.selenium.remote.RemoteWebElement.execute(RemoteWebElement.java:257)
at org.openqa.selenium.remote.RemoteWebElement.click(RemoteWebElement.java:78)
at jdk.internal.reflect.GeneratedMethodAccessor1.invoke(Unknown Source)
at java.base/jdk.internal.reflect.DelegatingMethodAccessorImpl.invoke(DelegatingMethodAccessorImpl.java:43)
at java.base/java.lang.reflect.Method.invoke(Method.java:568)
at org.openqa.selenium.support.pagefactory.internal.LocatingElementHandler.invoke(LocatingElementHandler.java:52)
at jdk.proxy2/jdk.proxy2.$Proxy16.click(Unknown Source)
at test.Homepage_Test.login_button(Homepage_Test.java:93)
at test.Login_Pop_Up_Test.login_with_valid_uname_with_blank_password(Login_Pop_Up_Test.java:91)
at java.base/jdk.internal.reflect.NativeMethodAccessorImpl.invoke0(Native Method)
at java.base/jdk.internal.reflect.NativeMethodAccessorImpl.invoke(NativeMethodAccessorImpl.java:77)
at java.base/jdk.internal.reflect.DelegatingMethodAccessorImpl.invoke(DelegatingMethodAccessorImpl.java:43)
at java.base/java.lang.reflect.Method.invoke(Method.java:568)
at org.testng.internal.MethodInvocationHelper.invokeMethod(MethodInvocationHelper.java:133)
at org.testng.internal.TestInvoker.invokeMethod(TestInvoker.java:598)
at org.testng.internal.TestInvoker.invokeTestMethod(TestInvoker.java:173)
at org.testng.internal.MethodRunner.runInSequence(MethodRunner.java:46)
at org.testng.internal.TestInvoker$MethodInvocationAgent.invoke(TestInvoker.java:824)
at org.testng.internal.TestInvoker.invokeTestMethods(TestInvoker.java:146)
at org.testng.internal.TestMethodWorker.invokeTestMethods(TestMethodWorker.java:146)
at org.testng.internal.TestMethodWorker.run(TestMethodWorker.java:128)
at java.base/java.util.ArrayList.forEach(ArrayList.java:1511)
at org.testng.TestRunner.privateRun(TestRunner.java:794)
at org.testng.TestRunner.run(TestRunner.java:596)
at org.testng.SuiteRunner.runTest(SuiteRunner.java:377)
at org.testng.SuiteRunner.runSequentially(SuiteRunner.java:371)
at org.testng.SuiteRunner.privateRun(SuiteRunner.java:332)
at org.testng.SuiteRunner.run(SuiteRunner.java:276)
at org.testng.SuiteRunnerWorker.runSuite(SuiteRunnerWorker.java:53)
at org.testng.SuiteRunnerWorker.run(SuiteRunnerWorker.java:96)
at org.testng.TestNG.runSuitesSequentially(TestNG.java:1212)
at org.testng.TestNG.runSuitesLocally(TestNG.java:1134)
at org.testng.TestNG.runSuites(TestNG.java:1063)
at org.testng.TestNG.run(TestNG.java:1031)
at org.testng.remote.AbstractRemoteTestNG.run(AbstractRemoteTestNG.java:115)
at org.testng.remote.RemoteTestNG.initAndRun(RemoteTestNG.java:251)
at org.testng.remote.RemoteTestNG.main(RemoteTestNG.java:77)
]]>
            </full-stacktrace>
          </exception> <!-- org.openqa.selenium.ElementClickInterceptedException -->
          <reporter-output>
          </reporter-output>
        </test-method> <!-- login_with_valid_uname_with_blank_password -->
        <test-method signature="login_with_blank_uname_with_valid_password()[pri:6, instance:test.Login_Pop_Up_Test@7e9131d5]" started-at="2023-06-12T13:19:35 IST" name="login_with_blank_uname_with_valid_password" finished-at="2023-06-12T13:19:38 IST" duration-ms="3103" status="FAIL">
          <exception class="org.openqa.selenium.ElementClickInterceptedException">
            <message>
              <![CDATA[element click intercepted: Element <button type="button" class="btn btn-secondary home_page_login_button" data-toggle="modal" data-target="#login-modal">...</button> is not clickable at point (1035, 36). Other element would receive the click: <div id="error_modal" class="modal fade in internshala-modal show" style="display: block;" aria-modal="true">...</div>
  (Session info: chrome=114.0.5735.110)
Build info: version: '4.8.0', revision: '267030adea'
System info: os.name: 'Windows 11', os.arch: 'amd64', os.version: '10.0', java.version: '17.0.7'
Driver info: org.openqa.selenium.chrome.ChromeDriver
Command: [d6f625d8ed447ce0b3865c406350be4e, clickElement {id=3B2D749D97098B1441CBCA6CD3BB5B70_element_79}]
Capabilities {acceptInsecureCerts: false, browserName: chrome, browserVersion: 114.0.5735.110, chrome: {chromedriverVersion: 114.0.5735.90 (386bc09e8f4f..., userDataDir: C:\Users\NOORNA~1\AppData\L...}, goog:chromeOptions: {debuggerAddress: localhost:49754}, networkConnectionEnabled: false, pageLoadStrategy: normal, platformName: WINDOWS, proxy: Proxy(), se:cdp: ws://localhost:49754/devtoo..., se:cdpVersion: 114.0.5735.110, setWindowRect: true, strictFileInteractability: false, timeouts: {implicit: 0, pageLoad: 300000, script: 30000}, unhandledPromptBehavior: dismiss and notify, webauthn:extension:credBlob: true, webauthn:extension:largeBlob: true, webauthn:extension:minPinLength: true, webauthn:extension:prf: true, webauthn:virtualAuthenticators: true}
Element: [[ChromeDriver: chrome on WINDOWS (d6f625d8ed447ce0b3865c406350be4e)] -> xpath: //button[@class='btn btn-secondary home_page_login_button']]
Session ID: d6f625d8ed447ce0b3865c406350be4e]]>
            </message>
            <full-stacktrace>
              <![CDATA[org.openqa.selenium.ElementClickInterceptedException: element click intercepted: Element <button type="button" class="btn btn-secondary home_page_login_button" data-toggle="modal" data-target="#login-modal">...</button> is not clickable at point (1035, 36). Other element would receive the click: <div id="error_modal" class="modal fade in internshala-modal show" style="display: block;" aria-modal="true">...</div>
  (Session info: chrome=114.0.5735.110)
Build info: version: '4.8.0', revision: '267030adea'
System info: os.name: 'Windows 11', os.arch: 'amd64', os.version: '10.0', java.version: '17.0.7'
Driver info: org.openqa.selenium.chrome.ChromeDriver
Command: [d6f625d8ed447ce0b3865c406350be4e, clickElement {id=3B2D749D97098B1441CBCA6CD3BB5B70_element_79}]
Capabilities {acceptInsecureCerts: false, browserName: chrome, browserVersion: 114.0.5735.110, chrome: {chromedriverVersion: 114.0.5735.90 (386bc09e8f4f..., userDataDir: C:\Users\NOORNA~1\AppData\L...}, goog:chromeOptions: {debuggerAddress: localhost:49754}, networkConnectionEnabled: false, pageLoadStrategy: normal, platformName: WINDOWS, proxy: Proxy(), se:cdp: ws://localhost:49754/devtoo..., se:cdpVersion: 114.0.5735.110, setWindowRect: true, strictFileInteractability: false, timeouts: {implicit: 0, pageLoad: 300000, script: 30000}, unhandledPromptBehavior: dismiss and notify, webauthn:extension:credBlob: true, webauthn:extension:largeBlob: true, webauthn:extension:minPinLength: true, webauthn:extension:prf: true, webauthn:virtualAuthenticators: true}
Element: [[ChromeDriver: chrome on WINDOWS (d6f625d8ed447ce0b3865c406350be4e)] -> xpath: //button[@class='btn btn-secondary home_page_login_button']]
Session ID: d6f625d8ed447ce0b3865c406350be4e
at java.base/jdk.internal.reflect.NativeConstructorAccessorImpl.newInstance0(Native Method)
at java.base/jdk.internal.reflect.NativeConstructorAccessorImpl.newInstance(NativeConstructorAccessorImpl.java:77)
at java.base/jdk.internal.reflect.DelegatingConstructorAccessorImpl.newInstance(DelegatingConstructorAccessorImpl.java:45)
at java.base/java.lang.reflect.Constructor.newInstanceWithCaller(Constructor.java:499)
at java.base/java.lang.reflect.Constructor.newInstance(Constructor.java:480)
at org.openqa.selenium.remote.codec.w3c.W3CHttpResponseCodec.createException(W3CHttpResponseCodec.java:200)
at org.openqa.selenium.remote.codec.w3c.W3CHttpResponseCodec.decode(W3CHttpResponseCodec.java:133)
at org.openqa.selenium.remote.codec.w3c.W3CHttpResponseCodec.decode(W3CHttpResponseCodec.java:53)
at org.openqa.selenium.remote.HttpCommandExecutor.execute(HttpCommandExecutor.java:184)
at org.openqa.selenium.remote.service.DriverCommandExecutor.invokeExecute(DriverCommandExecutor.java:167)
at org.openqa.selenium.remote.service.DriverCommandExecutor.execute(DriverCommandExecutor.java:142)
at org.openqa.selenium.remote.RemoteWebDriver.execute(RemoteWebDriver.java:543)
at org.openqa.selenium.remote.RemoteWebElement.execute(RemoteWebElement.java:257)
at org.openqa.selenium.remote.RemoteWebElement.click(RemoteWebElement.java:78)
at jdk.internal.reflect.GeneratedMethodAccessor1.invoke(Unknown Source)
at java.base/jdk.internal.reflect.DelegatingMethodAccessorImpl.invoke(DelegatingMethodAccessorImpl.java:43)
at java.base/java.lang.reflect.Method.invoke(Method.java:568)
at org.openqa.selenium.support.pagefactory.internal.LocatingElementHandler.invoke(LocatingElementHandler.java:52)
at jdk.proxy2/jdk.proxy2.$Proxy16.click(Unknown Source)
at test.Homepage_Test.login_button(Homepage_Test.java:93)
at test.Login_Pop_Up_Test.login_with_blank_uname_with_valid_password(Login_Pop_Up_Test.java:100)
at java.base/jdk.internal.reflect.NativeMethodAccessorImpl.invoke0(Native Method)
at java.base/jdk.internal.reflect.NativeMethodAccessorImpl.invoke(NativeMethodAccessorImpl.java:77)
at java.base/jdk.internal.reflect.DelegatingMethodAccessorImpl.invoke(DelegatingMethodAccessorImpl.java:43)
at java.base/java.lang.reflect.Method.invoke(Method.java:568)
at org.testng.internal.MethodInvocationHelper.invokeMethod(MethodInvocationHelper.java:133)
at org.testng.internal.TestInvoker.invokeMethod(TestInvoker.java:598)
at org.testng.internal.TestInvoker.invokeTestMethod(TestInvoker.java:173)
at org.testng.internal.MethodRunner.runInSequence(MethodRunner.java:46)
at org.testng.internal.TestInvoker$MethodInvocationAgent.invoke(TestInvoker.java:824)
at org.testng.internal.TestInvoker.invokeTestMethods(TestInvoker.java:146)
at org.testng.internal.TestMethodWorker.invokeTestMethods(TestMethodWorker.java:146)
at org.testng.internal.TestMethodWorker.run(TestMethodWorker.java:128)
at java.base/java.util.ArrayList.forEach(ArrayList.java:1511)
at org.testng.TestRunner.privateRun(TestRunner.java:794)
at org.testng.TestRunner.run(TestRunner.java:596)
at org.testng.SuiteRunner.runTest(SuiteRunner.java:377)
at org.testng.SuiteRunner.runSequentially(SuiteRunner.java:371)
at org.testng.SuiteRunner.privateRun(SuiteRunner.java:332)
at org.testng.SuiteRunner.run(SuiteRunner.java:276)
at org.testng.SuiteRunnerWorker.runSuite(SuiteRunnerWorker.java:53)
at org.testng.SuiteRunnerWorker.run(SuiteRunnerWorker.java:96)
at org.testng.TestNG.runSuitesSequentially(TestNG.java:1212)
at org.testng.TestNG.runSuitesLocally(TestNG.java:1134)
at org.testng.TestNG.runSuites(TestNG.java:1063)
at org.testng.TestNG.run(TestNG.java:1031)
at org.testng.remote.AbstractRemoteTestNG.run(AbstractRemoteTestNG.java:115)
at org.testng.remote.RemoteTestNG.initAndRun(RemoteTestNG.java:251)
at org.testng.remote.RemoteTestNG.main(RemoteTestNG.java:77)
]]>
            </full-stacktrace>
          </exception> <!-- org.openqa.selenium.ElementClickInterceptedException -->
          <reporter-output>
          </reporter-output>
        </test-method> <!-- login_with_blank_uname_with_valid_password -->
        <test-method signature="login_with_invalid_uname_with_blank_password()[pri:7, instance:test.Login_Pop_Up_Test@7e9131d5]" started-at="2023-06-12T13:19:39 IST" name="login_with_invalid_uname_with_blank_password" finished-at="2023-06-12T13:19:42 IST" duration-ms="3143" status="FAIL">
          <exception class="org.openqa.selenium.ElementClickInterceptedException">
            <message>
              <![CDATA[element click intercepted: Element <button type="button" class="btn btn-secondary home_page_login_button" data-toggle="modal" data-target="#login-modal">...</button> is not clickable at point (1035, 36). Other element would receive the click: <div id="error_modal" class="modal fade in internshala-modal show" style="display: block;" aria-modal="true">...</div>
  (Session info: chrome=114.0.5735.110)
Build info: version: '4.8.0', revision: '267030adea'
System info: os.name: 'Windows 11', os.arch: 'amd64', os.version: '10.0', java.version: '17.0.7'
Driver info: org.openqa.selenium.chrome.ChromeDriver
Command: [d6f625d8ed447ce0b3865c406350be4e, clickElement {id=3B2D749D97098B1441CBCA6CD3BB5B70_element_79}]
Capabilities {acceptInsecureCerts: false, browserName: chrome, browserVersion: 114.0.5735.110, chrome: {chromedriverVersion: 114.0.5735.90 (386bc09e8f4f..., userDataDir: C:\Users\NOORNA~1\AppData\L...}, goog:chromeOptions: {debuggerAddress: localhost:49754}, networkConnectionEnabled: false, pageLoadStrategy: normal, platformName: WINDOWS, proxy: Proxy(), se:cdp: ws://localhost:49754/devtoo..., se:cdpVersion: 114.0.5735.110, setWindowRect: true, strictFileInteractability: false, timeouts: {implicit: 0, pageLoad: 300000, script: 30000}, unhandledPromptBehavior: dismiss and notify, webauthn:extension:credBlob: true, webauthn:extension:largeBlob: true, webauthn:extension:minPinLength: true, webauthn:extension:prf: true, webauthn:virtualAuthenticators: true}
Element: [[ChromeDriver: chrome on WINDOWS (d6f625d8ed447ce0b3865c406350be4e)] -> xpath: //button[@class='btn btn-secondary home_page_login_button']]
Session ID: d6f625d8ed447ce0b3865c406350be4e]]>
            </message>
            <full-stacktrace>
              <![CDATA[org.openqa.selenium.ElementClickInterceptedException: element click intercepted: Element <button type="button" class="btn btn-secondary home_page_login_button" data-toggle="modal" data-target="#login-modal">...</button> is not clickable at point (1035, 36). Other element would receive the click: <div id="error_modal" class="modal fade in internshala-modal show" style="display: block;" aria-modal="true">...</div>
  (Session info: chrome=114.0.5735.110)
Build info: version: '4.8.0', revision: '267030adea'
System info: os.name: 'Windows 11', os.arch: 'amd64', os.version: '10.0', java.version: '17.0.7'
Driver info: org.openqa.selenium.chrome.ChromeDriver
Command: [d6f625d8ed447ce0b3865c406350be4e, clickElement {id=3B2D749D97098B1441CBCA6CD3BB5B70_element_79}]
Capabilities {acceptInsecureCerts: false, browserName: chrome, browserVersion: 114.0.5735.110, chrome: {chromedriverVersion: 114.0.5735.90 (386bc09e8f4f..., userDataDir: C:\Users\NOORNA~1\AppData\L...}, goog:chromeOptions: {debuggerAddress: localhost:49754}, networkConnectionEnabled: false, pageLoadStrategy: normal, platformName: WINDOWS, proxy: Proxy(), se:cdp: ws://localhost:49754/devtoo..., se:cdpVersion: 114.0.5735.110, setWindowRect: true, strictFileInteractability: false, timeouts: {implicit: 0, pageLoad: 300000, script: 30000}, unhandledPromptBehavior: dismiss and notify, webauthn:extension:credBlob: true, webauthn:extension:largeBlob: true, webauthn:extension:minPinLength: true, webauthn:extension:prf: true, webauthn:virtualAuthenticators: true}
Element: [[ChromeDriver: chrome on WINDOWS (d6f625d8ed447ce0b3865c406350be4e)] -> xpath: //button[@class='btn btn-secondary home_page_login_button']]
Session ID: d6f625d8ed447ce0b3865c406350be4e
at java.base/jdk.internal.reflect.NativeConstructorAccessorImpl.newInstance0(Native Method)
at java.base/jdk.internal.reflect.NativeConstructorAccessorImpl.newInstance(NativeConstructorAccessorImpl.java:77)
at java.base/jdk.internal.reflect.DelegatingConstructorAccessorImpl.newInstance(DelegatingConstructorAccessorImpl.java:45)
at java.base/java.lang.reflect.Constructor.newInstanceWithCaller(Constructor.java:499)
at java.base/java.lang.reflect.Constructor.newInstance(Constructor.java:480)
at org.openqa.selenium.remote.codec.w3c.W3CHttpResponseCodec.createException(W3CHttpResponseCodec.java:200)
at org.openqa.selenium.remote.codec.w3c.W3CHttpResponseCodec.decode(W3CHttpResponseCodec.java:133)
at org.openqa.selenium.remote.codec.w3c.W3CHttpResponseCodec.decode(W3CHttpResponseCodec.java:53)
at org.openqa.selenium.remote.HttpCommandExecutor.execute(HttpCommandExecutor.java:184)
at org.openqa.selenium.remote.service.DriverCommandExecutor.invokeExecute(DriverCommandExecutor.java:167)
at org.openqa.selenium.remote.service.DriverCommandExecutor.execute(DriverCommandExecutor.java:142)
at org.openqa.selenium.remote.RemoteWebDriver.execute(RemoteWebDriver.java:543)
at org.openqa.selenium.remote.RemoteWebElement.execute(RemoteWebElement.java:257)
at org.openqa.selenium.remote.RemoteWebElement.click(RemoteWebElement.java:78)
at jdk.internal.reflect.GeneratedMethodAccessor1.invoke(Unknown Source)
at java.base/jdk.internal.reflect.DelegatingMethodAccessorImpl.invoke(DelegatingMethodAccessorImpl.java:43)
at java.base/java.lang.reflect.Method.invoke(Method.java:568)
at org.openqa.selenium.support.pagefactory.internal.LocatingElementHandler.invoke(LocatingElementHandler.java:52)
at jdk.proxy2/jdk.proxy2.$Proxy16.click(Unknown Source)
at test.Homepage_Test.login_button(Homepage_Test.java:93)
at test.Login_Pop_Up_Test.login_with_invalid_uname_with_blank_password(Login_Pop_Up_Test.java:109)
at java.base/jdk.internal.reflect.NativeMethodAccessorImpl.invoke0(Native Method)
at java.base/jdk.internal.reflect.NativeMethodAccessorImpl.invoke(NativeMethodAccessorImpl.java:77)
at java.base/jdk.internal.reflect.DelegatingMethodAccessorImpl.invoke(DelegatingMethodAccessorImpl.java:43)
at java.base/java.lang.reflect.Method.invoke(Method.java:568)
at org.testng.internal.MethodInvocationHelper.invokeMethod(MethodInvocationHelper.java:133)
at org.testng.internal.TestInvoker.invokeMethod(TestInvoker.java:598)
at org.testng.internal.TestInvoker.invokeTestMethod(TestInvoker.java:173)
at org.testng.internal.MethodRunner.runInSequence(MethodRunner.java:46)
at org.testng.internal.TestInvoker$MethodInvocationAgent.invoke(TestInvoker.java:824)
at org.testng.internal.TestInvoker.invokeTestMethods(TestInvoker.java:146)
at org.testng.internal.TestMethodWorker.invokeTestMethods(TestMethodWorker.java:146)
at org.testng.internal.TestMethodWorker.run(TestMethodWorker.java:128)
at java.base/java.util.ArrayList.forEach(ArrayList.java:1511)
at org.testng.TestRunner.privateRun(TestRunner.java:794)
at org.testng.TestRunner.run(TestRunner.java:596)
at org.testng.SuiteRunner.runTest(SuiteRunner.java:377)
at org.testng.SuiteRunner.runSequentially(SuiteRunner.java:371)
at org.testng.SuiteRunner.privateRun(SuiteRunner.java:332)
at org.testng.SuiteRunner.run(SuiteRunner.java:276)
at org.testng.SuiteRunnerWorker.runSuite(SuiteRunnerWorker.java:53)
at org.testng.SuiteRunnerWorker.run(SuiteRunnerWorker.java:96)
at org.testng.TestNG.runSuitesSequentially(TestNG.java:1212)
at org.testng.TestNG.runSuitesLocally(TestNG.java:1134)
at org.testng.TestNG.runSuites(TestNG.java:1063)
at org.testng.TestNG.run(TestNG.java:1031)
at org.testng.remote.AbstractRemoteTestNG.run(AbstractRemoteTestNG.java:115)
at org.testng.remote.RemoteTestNG.initAndRun(RemoteTestNG.java:251)
at org.testng.remote.RemoteTestNG.main(RemoteTestNG.java:77)
]]>
            </full-stacktrace>
          </exception> <!-- org.openqa.selenium.ElementClickInterceptedException -->
          <reporter-output>
          </reporter-output>
        </test-method> <!-- login_with_invalid_uname_with_blank_password -->
        <test-method signature="login_with_blank_uname_with_invalid_password()[pri:8, instance:test.Login_Pop_Up_Test@7e9131d5]" started-at="2023-06-12T13:19:43 IST" name="login_with_blank_uname_with_invalid_password" finished-at="2023-06-12T13:19:46 IST" duration-ms="3135" status="FAIL">
          <exception class="org.openqa.selenium.ElementClickInterceptedException">
            <message>
              <![CDATA[element click intercepted: Element <button type="button" class="btn btn-secondary home_page_login_button" data-toggle="modal" data-target="#login-modal">...</button> is not clickable at point (1035, 36). Other element would receive the click: <div id="error_modal" class="modal fade in internshala-modal show" style="display: block;" aria-modal="true">...</div>
  (Session info: chrome=114.0.5735.110)
Build info: version: '4.8.0', revision: '267030adea'
System info: os.name: 'Windows 11', os.arch: 'amd64', os.version: '10.0', java.version: '17.0.7'
Driver info: org.openqa.selenium.chrome.ChromeDriver
Command: [d6f625d8ed447ce0b3865c406350be4e, clickElement {id=3B2D749D97098B1441CBCA6CD3BB5B70_element_79}]
Capabilities {acceptInsecureCerts: false, browserName: chrome, browserVersion: 114.0.5735.110, chrome: {chromedriverVersion: 114.0.5735.90 (386bc09e8f4f..., userDataDir: C:\Users\NOORNA~1\AppData\L...}, goog:chromeOptions: {debuggerAddress: localhost:49754}, networkConnectionEnabled: false, pageLoadStrategy: normal, platformName: WINDOWS, proxy: Proxy(), se:cdp: ws://localhost:49754/devtoo..., se:cdpVersion: 114.0.5735.110, setWindowRect: true, strictFileInteractability: false, timeouts: {implicit: 0, pageLoad: 300000, script: 30000}, unhandledPromptBehavior: dismiss and notify, webauthn:extension:credBlob: true, webauthn:extension:largeBlob: true, webauthn:extension:minPinLength: true, webauthn:extension:prf: true, webauthn:virtualAuthenticators: true}
Element: [[ChromeDriver: chrome on WINDOWS (d6f625d8ed447ce0b3865c406350be4e)] -> xpath: //button[@class='btn btn-secondary home_page_login_button']]
Session ID: d6f625d8ed447ce0b3865c406350be4e]]>
            </message>
            <full-stacktrace>
              <![CDATA[org.openqa.selenium.ElementClickInterceptedException: element click intercepted: Element <button type="button" class="btn btn-secondary home_page_login_button" data-toggle="modal" data-target="#login-modal">...</button> is not clickable at point (1035, 36). Other element would receive the click: <div id="error_modal" class="modal fade in internshala-modal show" style="display: block;" aria-modal="true">...</div>
  (Session info: chrome=114.0.5735.110)
Build info: version: '4.8.0', revision: '267030adea'
System info: os.name: 'Windows 11', os.arch: 'amd64', os.version: '10.0', java.version: '17.0.7'
Driver info: org.openqa.selenium.chrome.ChromeDriver
Command: [d6f625d8ed447ce0b3865c406350be4e, clickElement {id=3B2D749D97098B1441CBCA6CD3BB5B70_element_79}]
Capabilities {acceptInsecureCerts: false, browserName: chrome, browserVersion: 114.0.5735.110, chrome: {chromedriverVersion: 114.0.5735.90 (386bc09e8f4f..., userDataDir: C:\Users\NOORNA~1\AppData\L...}, goog:chromeOptions: {debuggerAddress: localhost:49754}, networkConnectionEnabled: false, pageLoadStrategy: normal, platformName: WINDOWS, proxy: Proxy(), se:cdp: ws://localhost:49754/devtoo..., se:cdpVersion: 114.0.5735.110, setWindowRect: true, strictFileInteractability: false, timeouts: {implicit: 0, pageLoad: 300000, script: 30000}, unhandledPromptBehavior: dismiss and notify, webauthn:extension:credBlob: true, webauthn:extension:largeBlob: true, webauthn:extension:minPinLength: true, webauthn:extension:prf: true, webauthn:virtualAuthenticators: true}
Element: [[ChromeDriver: chrome on WINDOWS (d6f625d8ed447ce0b3865c406350be4e)] -> xpath: //button[@class='btn btn-secondary home_page_login_button']]
Session ID: d6f625d8ed447ce0b3865c406350be4e
at java.base/jdk.internal.reflect.NativeConstructorAccessorImpl.newInstance0(Native Method)
at java.base/jdk.internal.reflect.NativeConstructorAccessorImpl.newInstance(NativeConstructorAccessorImpl.java:77)
at java.base/jdk.internal.reflect.DelegatingConstructorAccessorImpl.newInstance(DelegatingConstructorAccessorImpl.java:45)
at java.base/java.lang.reflect.Constructor.newInstanceWithCaller(Constructor.java:499)
at java.base/java.lang.reflect.Constructor.newInstance(Constructor.java:480)
at org.openqa.selenium.remote.codec.w3c.W3CHttpResponseCodec.createException(W3CHttpResponseCodec.java:200)
at org.openqa.selenium.remote.codec.w3c.W3CHttpResponseCodec.decode(W3CHttpResponseCodec.java:133)
at org.openqa.selenium.remote.codec.w3c.W3CHttpResponseCodec.decode(W3CHttpResponseCodec.java:53)
at org.openqa.selenium.remote.HttpCommandExecutor.execute(HttpCommandExecutor.java:184)
at org.openqa.selenium.remote.service.DriverCommandExecutor.invokeExecute(DriverCommandExecutor.java:167)
at org.openqa.selenium.remote.service.DriverCommandExecutor.execute(DriverCommandExecutor.java:142)
at org.openqa.selenium.remote.RemoteWebDriver.execute(RemoteWebDriver.java:543)
at org.openqa.selenium.remote.RemoteWebElement.execute(RemoteWebElement.java:257)
at org.openqa.selenium.remote.RemoteWebElement.click(RemoteWebElement.java:78)
at jdk.internal.reflect.GeneratedMethodAccessor1.invoke(Unknown Source)
at java.base/jdk.internal.reflect.DelegatingMethodAccessorImpl.invoke(DelegatingMethodAccessorImpl.java:43)
at java.base/java.lang.reflect.Method.invoke(Method.java:568)
at org.openqa.selenium.support.pagefactory.internal.LocatingElementHandler.invoke(LocatingElementHandler.java:52)
at jdk.proxy2/jdk.proxy2.$Proxy16.click(Unknown Source)
at test.Homepage_Test.login_button(Homepage_Test.java:93)
at test.Login_Pop_Up_Test.login_with_blank_uname_with_invalid_password(Login_Pop_Up_Test.java:123)
at java.base/jdk.internal.reflect.NativeMethodAccessorImpl.invoke0(Native Method)
at java.base/jdk.internal.reflect.NativeMethodAccessorImpl.invoke(NativeMethodAccessorImpl.java:77)
at java.base/jdk.internal.reflect.DelegatingMethodAccessorImpl.invoke(DelegatingMethodAccessorImpl.java:43)
at java.base/java.lang.reflect.Method.invoke(Method.java:568)
at org.testng.internal.MethodInvocationHelper.invokeMethod(MethodInvocationHelper.java:133)
at org.testng.internal.TestInvoker.invokeMethod(TestInvoker.java:598)
at org.testng.internal.TestInvoker.invokeTestMethod(TestInvoker.java:173)
at org.testng.internal.MethodRunner.runInSequence(MethodRunner.java:46)
at org.testng.internal.TestInvoker$MethodInvocationAgent.invoke(TestInvoker.java:824)
at org.testng.internal.TestInvoker.invokeTestMethods(TestInvoker.java:146)
at org.testng.internal.TestMethodWorker.invokeTestMethods(TestMethodWorker.java:146)
at org.testng.internal.TestMethodWorker.run(TestMethodWorker.java:128)
at java.base/java.util.ArrayList.forEach(ArrayList.java:1511)
at org.testng.TestRunner.privateRun(TestRunner.java:794)
at org.testng.TestRunner.run(TestRunner.java:596)
at org.testng.SuiteRunner.runTest(SuiteRunner.java:377)
at org.testng.SuiteRunner.runSequentially(SuiteRunner.java:371)
at org.testng.SuiteRunner.privateRun(SuiteRunner.java:332)
at org.testng.SuiteRunner.run(SuiteRunner.java:276)
at org.testng.SuiteRunnerWorker.runSuite(SuiteRunnerWorker.java:53)
at org.testng.SuiteRunnerWorker.run(SuiteRunnerWorker.java:96)
at org.testng.TestNG.runSuitesSequentially(TestNG.java:1212)
at org.testng.TestNG.runSuitesLocally(TestNG.java:1134)
at org.testng.TestNG.runSuites(TestNG.java:1063)
at org.testng.TestNG.run(TestNG.java:1031)
at org.testng.remote.AbstractRemoteTestNG.run(AbstractRemoteTestNG.java:115)
at org.testng.remote.RemoteTestNG.initAndRun(RemoteTestNG.java:251)
at org.testng.remote.RemoteTestNG.main(RemoteTestNG.java:77)
]]>
            </full-stacktrace>
          </exception> <!-- org.openqa.selenium.ElementClickInterceptedException -->
          <reporter-output>
          </reporter-output>
        </test-method> <!-- login_with_blank_uname_with_invalid_password -->
        <test-method signature="login_button()[pri:9, instance:test.Login_Pop_Up_Test@7e9131d5]" started-at="2023-06-12T13:19:47 IST" name="login_button" finished-at="2023-06-12T13:19:50 IST" duration-ms="3103" status="FAIL">
          <exception class="org.openqa.selenium.ElementClickInterceptedException">
            <message>
              <![CDATA[element click intercepted: Element <button type="button" class="btn btn-secondary home_page_login_button" data-toggle="modal" data-target="#login-modal">...</button> is not clickable at point (1035, 36). Other element would receive the click: <div id="error_modal" class="modal fade in internshala-modal show" style="display: block;" aria-modal="true">...</div>
  (Session info: chrome=114.0.5735.110)
Build info: version: '4.8.0', revision: '267030adea'
System info: os.name: 'Windows 11', os.arch: 'amd64', os.version: '10.0', java.version: '17.0.7'
Driver info: org.openqa.selenium.chrome.ChromeDriver
Command: [d6f625d8ed447ce0b3865c406350be4e, clickElement {id=3B2D749D97098B1441CBCA6CD3BB5B70_element_79}]
Capabilities {acceptInsecureCerts: false, browserName: chrome, browserVersion: 114.0.5735.110, chrome: {chromedriverVersion: 114.0.5735.90 (386bc09e8f4f..., userDataDir: C:\Users\NOORNA~1\AppData\L...}, goog:chromeOptions: {debuggerAddress: localhost:49754}, networkConnectionEnabled: false, pageLoadStrategy: normal, platformName: WINDOWS, proxy: Proxy(), se:cdp: ws://localhost:49754/devtoo..., se:cdpVersion: 114.0.5735.110, setWindowRect: true, strictFileInteractability: false, timeouts: {implicit: 0, pageLoad: 300000, script: 30000}, unhandledPromptBehavior: dismiss and notify, webauthn:extension:credBlob: true, webauthn:extension:largeBlob: true, webauthn:extension:minPinLength: true, webauthn:extension:prf: true, webauthn:virtualAuthenticators: true}
Element: [[ChromeDriver: chrome on WINDOWS (d6f625d8ed447ce0b3865c406350be4e)] -> xpath: //button[@class='btn btn-secondary home_page_login_button']]
Session ID: d6f625d8ed447ce0b3865c406350be4e]]>
            </message>
            <full-stacktrace>
              <![CDATA[org.openqa.selenium.ElementClickInterceptedException: element click intercepted: Element <button type="button" class="btn btn-secondary home_page_login_button" data-toggle="modal" data-target="#login-modal">...</button> is not clickable at point (1035, 36). Other element would receive the click: <div id="error_modal" class="modal fade in internshala-modal show" style="display: block;" aria-modal="true">...</div>
  (Session info: chrome=114.0.5735.110)
Build info: version: '4.8.0', revision: '267030adea'
System info: os.name: 'Windows 11', os.arch: 'amd64', os.version: '10.0', java.version: '17.0.7'
Driver info: org.openqa.selenium.chrome.ChromeDriver
Command: [d6f625d8ed447ce0b3865c406350be4e, clickElement {id=3B2D749D97098B1441CBCA6CD3BB5B70_element_79}]
Capabilities {acceptInsecureCerts: false, browserName: chrome, browserVersion: 114.0.5735.110, chrome: {chromedriverVersion: 114.0.5735.90 (386bc09e8f4f..., userDataDir: C:\Users\NOORNA~1\AppData\L...}, goog:chromeOptions: {debuggerAddress: localhost:49754}, networkConnectionEnabled: false, pageLoadStrategy: normal, platformName: WINDOWS, proxy: Proxy(), se:cdp: ws://localhost:49754/devtoo..., se:cdpVersion: 114.0.5735.110, setWindowRect: true, strictFileInteractability: false, timeouts: {implicit: 0, pageLoad: 300000, script: 30000}, unhandledPromptBehavior: dismiss and notify, webauthn:extension:credBlob: true, webauthn:extension:largeBlob: true, webauthn:extension:minPinLength: true, webauthn:extension:prf: true, webauthn:virtualAuthenticators: true}
Element: [[ChromeDriver: chrome on WINDOWS (d6f625d8ed447ce0b3865c406350be4e)] -> xpath: //button[@class='btn btn-secondary home_page_login_button']]
Session ID: d6f625d8ed447ce0b3865c406350be4e
at java.base/jdk.internal.reflect.NativeConstructorAccessorImpl.newInstance0(Native Method)
at java.base/jdk.internal.reflect.NativeConstructorAccessorImpl.newInstance(NativeConstructorAccessorImpl.java:77)
at java.base/jdk.internal.reflect.DelegatingConstructorAccessorImpl.newInstance(DelegatingConstructorAccessorImpl.java:45)
at java.base/java.lang.reflect.Constructor.newInstanceWithCaller(Constructor.java:499)
at java.base/java.lang.reflect.Constructor.newInstance(Constructor.java:480)
at org.openqa.selenium.remote.codec.w3c.W3CHttpResponseCodec.createException(W3CHttpResponseCodec.java:200)
at org.openqa.selenium.remote.codec.w3c.W3CHttpResponseCodec.decode(W3CHttpResponseCodec.java:133)
at org.openqa.selenium.remote.codec.w3c.W3CHttpResponseCodec.decode(W3CHttpResponseCodec.java:53)
at org.openqa.selenium.remote.HttpCommandExecutor.execute(HttpCommandExecutor.java:184)
at org.openqa.selenium.remote.service.DriverCommandExecutor.invokeExecute(DriverCommandExecutor.java:167)
at org.openqa.selenium.remote.service.DriverCommandExecutor.execute(DriverCommandExecutor.java:142)
at org.openqa.selenium.remote.RemoteWebDriver.execute(RemoteWebDriver.java:543)
at org.openqa.selenium.remote.RemoteWebElement.execute(RemoteWebElement.java:257)
at org.openqa.selenium.remote.RemoteWebElement.click(RemoteWebElement.java:78)
at jdk.internal.reflect.GeneratedMethodAccessor1.invoke(Unknown Source)
at java.base/jdk.internal.reflect.DelegatingMethodAccessorImpl.invoke(DelegatingMethodAccessorImpl.java:43)
at java.base/java.lang.reflect.Method.invoke(Method.java:568)
at org.openqa.selenium.support.pagefactory.internal.LocatingElementHandler.invoke(LocatingElementHandler.java:52)
at jdk.proxy2/jdk.proxy2.$Proxy16.click(Unknown Source)
at test.Homepage_Test.login_button(Homepage_Test.java:93)
at test.Login_Pop_Up_Test.login_button(Login_Pop_Up_Test.java:132)
at java.base/jdk.internal.reflect.NativeMethodAccessorImpl.invoke0(Native Method)
at java.base/jdk.internal.reflect.NativeMethodAccessorImpl.invoke(NativeMethodAccessorImpl.java:77)
at java.base/jdk.internal.reflect.DelegatingMethodAccessorImpl.invoke(DelegatingMethodAccessorImpl.java:43)
at java.base/java.lang.reflect.Method.invoke(Method.java:568)
at org.testng.internal.MethodInvocationHelper.invokeMethod(MethodInvocationHelper.java:133)
at org.testng.internal.TestInvoker.invokeMethod(TestInvoker.java:598)
at org.testng.internal.TestInvoker.invokeTestMethod(TestInvoker.java:173)
at org.testng.internal.MethodRunner.runInSequence(MethodRunner.java:46)
at org.testng.internal.TestInvoker$MethodInvocationAgent.invoke(TestInvoker.java:824)
at org.testng.internal.TestInvoker.invokeTestMethods(TestInvoker.java:146)
at org.testng.internal.TestMethodWorker.invokeTestMethods(TestMethodWorker.java:146)
at org.testng.internal.TestMethodWorker.run(TestMethodWorker.java:128)
at java.base/java.util.ArrayList.forEach(ArrayList.java:1511)
at org.testng.TestRunner.privateRun(TestRunner.java:794)
at org.testng.TestRunner.run(TestRunner.java:596)
at org.testng.SuiteRunner.runTest(SuiteRunner.java:377)
at org.testng.SuiteRunner.runSequentially(SuiteRunner.java:371)
at org.testng.SuiteRunner.privateRun(SuiteRunner.java:332)
at org.testng.SuiteRunner.run(SuiteRunner.java:276)
at org.testng.SuiteRunnerWorker.runSuite(SuiteRunnerWorker.java:53)
at org.testng.SuiteRunnerWorker.run(SuiteRunnerWorker.java:96)
at org.testng.TestNG.runSuitesSequentially(TestNG.java:1212)
at org.testng.TestNG.runSuitesLocally(TestNG.java:1134)
at org.testng.TestNG.runSuites(TestNG.java:1063)
at org.testng.TestNG.run(TestNG.java:1031)
at org.testng.remote.AbstractRemoteTestNG.run(AbstractRemoteTestNG.java:115)
at org.testng.remote.RemoteTestNG.initAndRun(RemoteTestNG.java:251)
at org.testng.remote.RemoteTestNG.main(RemoteTestNG.java:77)
]]>
            </full-stacktrace>
          </exception> <!-- org.openqa.selenium.ElementClickInterceptedException -->
          <reporter-output>
          </reporter-output>
        </test-method> <!-- login_button -->
      </class> <!-- test.Login_Pop_Up_Test -->
    </test> <!-- Test -->
  </suite> <!-- Suite -->
</testng-results>
